2024-06-11T10:26:50.128Z - User connected: YsxkDCMh0-g_UEklAAAB
2024-06-11T10:27:00.135Z - User adarsh assigned color: white
2024-06-11T10:28:01.265Z - User connected: kMug8bKLxDBX2cqmAAAD
2024-06-11T10:28:41.023Z - User adsd assigned color: black
2024-06-22T20:03:33.200Z - User connected: Cr2-4Pq3HzIq0iwmAAAB
2024-06-22T20:03:37.007Z - User connected: UNWpVlTplih9P0vIAAAD
2024-06-22T20:03:45.543Z - User d assigned color: white
2024-06-22T20:03:56.110Z - User f assigned color: black
2024-06-22T20:04:49.563Z - User connected: C_fk74LfxbqcvoXoAAAF
2024-06-22T20:04:56.016Z - User e assigned color: white
2024-06-22T20:05:07.834Z - User connected: 4MmXoj8lpVsMXu46AAAH
2024-06-22T20:05:14.951Z - User g assigned color: white
2024-06-22T20:05:27.887Z - User connected: f6WQLWmxNrlj5tWFAAAB
2024-06-22T20:05:29.042Z - User connected: Lxr1uzTNgjLlvWW1AAAD
2024-06-22T20:05:29.415Z - User connected: 1sQLtb1NJf--jKnqAAAF
2024-06-22T20:05:31.939Z - User connected: 47Ed5efCWWihjAZVAAAH
2024-06-22T20:05:37.344Z - User 45 assigned color: white
2024-06-22T20:14:36.786Z - User connected: PEcScnrzpPatED0wAAAB
2024-06-22T20:14:42.163Z - User connected: cjHGQcdiziCYQjDmAAAD
2024-06-22T20:14:52.227Z - User adarsh assigned color: white
2024-06-22T20:15:01.842Z - User ad assigned color: black
2024-06-22T20:17:21.885Z - User connected: sz5x-Z4MFBFptlZfAAAB
2024-06-22T20:17:23.049Z - User connected: ofcAaz9mj2whWF1YAAAD
2024-06-22T20:18:27.058Z - User connected: ak6C8hqByieAYb0QAAAC
2024-06-22T20:18:27.060Z - User connected: pZd-HgfCVeMazev_AAAD
2024-06-22T20:18:46.048Z - User connected: RCA-3AoQTxnnlJ0QAAAC
2024-06-22T20:18:46.049Z - User connected: PZoqzdSSuqCig2WoAAAD
2024-06-22T20:19:37.714Z - User connected: 4Wal9lMVimAZg5dGAAAB
2024-06-22T20:19:44.937Z - User try assigned color: white
2024-06-22T20:19:50.520Z - User connected: 2Cfwg_R2nR8Z1BpXAAAD
2024-06-22T20:19:59.322Z - User jk assigned color: black
2024-06-22T20:20:57.194Z - User connected: gZhzPKSqwN27sVkGAAAF
2024-06-22T20:21:00.454Z - User connected: HpxkJOE8Jkdm59UaAAAH
2024-06-22T20:21:08.186Z - User yui assigned color: white
2024-06-22T20:21:14.913Z - User jkl assigned color: black
2024-06-22T20:22:59.046Z - User connected: ERRBWpelperhX3XXAAAC
2024-06-22T20:22:59.055Z - User connected: oyQehuSQjvnVhnHwAAAD
2024-06-22T20:23:03.046Z - User connected: iDzytApLLrFSkCZJAAAB
2024-06-22T20:23:04.038Z - User connected: 4If7kbklWtZvNGdEAAAD
2024-06-22T20:23:08.044Z - User connected: pgYOgD8Zqo5iCgTtAAAC
2024-06-22T20:23:08.050Z - User connected: xEaIvb9DqVLKv0AsAAAD
2024-06-22T20:23:10.050Z - User connected: dhfag8B41y3lM3VbAAAC
2024-06-22T20:23:10.053Z - User connected: yEcXI3rUqzMBaFo0AAAD
2024-06-22T20:25:08.044Z - User connected: 70FqvkdxVDUvUzC6AAAC
2024-06-22T20:25:08.050Z - User connected: fV6uk31w1AhbWdlKAAAD
2024-06-22T20:25:44.286Z - User connected: VkTD6pNBg5N7GUzRAAAB
2024-06-22T20:25:49.311Z - User connected: RQv2rcA-47HDk4ScAAAD
2024-06-22T20:25:57.276Z - User ghj assigned color: white
2024-06-22T20:26:04.064Z - User kjl assigned color: black
2024-06-22T20:28:24.054Z - User connected: J6KTk378exL7DZpaAAAC
2024-06-22T20:28:24.060Z - User connected: DVcblYCbIXu4pg9qAAAD
2024-06-22T20:28:34.049Z - User connected: EdkVpjjx_zNYXcFKAAAB
2024-06-22T20:28:35.032Z - User connected: NHMxONbSEeKTNXzkAAAD
2024-06-22T20:28:43.886Z - User connected: n2T-MjUN5JtCSkOjAAAF
2024-06-22T20:28:48.550Z - User connected: fIvHsQvdUbA2zmDiAAAH
2024-06-22T20:28:55.149Z - User DSFD assigned color: white
2024-06-22T20:29:02.070Z - User GKH assigned color: black
